c:\_dev\unity-vnc-client\pluginsource\source\realvnc\common\debug\rfb\rfb.pdb
c:\_dev\unity-vnc-client\pluginsource\source\realvnc\common\debug\rfb\logger.obj
c:\_dev\unity-vnc-client\pluginsource\source\realvnc\common\debug\rfb\keyremapper.obj
c:\_dev\unity-vnc-client\pluginsource\source\realvnc\common\debug\rfb\httpserver.obj
c:\_dev\unity-vnc-client\pluginsource\source\realvnc\common\debug\rfb\hextileencoder.obj
c:\_dev\unity-vnc-client\pluginsource\source\realvnc\common\debug\rfb\hextiledecoder.obj
c:\_dev\unity-vnc-client\pluginsource\source\realvnc\common\debug\rfb\encodings.obj
c:\_dev\unity-vnc-client\pluginsource\source\realvnc\common\debug\rfb\encoder.obj
c:\_dev\unity-vnc-client\pluginsource\source\realvnc\common\debug\rfb\decoder.obj
c:\_dev\unity-vnc-client\pluginsource\source\realvnc\common\debug\rfb\cursor.obj
c:\_dev\unity-vnc-client\pluginsource\source\realvnc\common\debug\rfb\csecurityvncauth.obj
c:\_dev\unity-vnc-client\pluginsource\source\realvnc\common\debug\rfb\connparams.obj
c:\_dev\unity-vnc-client\pluginsource\source\realvnc\common\debug\rfb\configuration.obj
c:\_dev\unity-vnc-client\pluginsource\source\realvnc\common\debug\rfb\comparingupdatetracker.obj
c:\_dev\unity-vnc-client\pluginsource\source\realvnc\common\debug\rfb\cmsgwriterv3.obj
c:\_dev\unity-vnc-client\pluginsource\source\realvnc\common\debug\rfb\cmsgwriter.obj
c:\_dev\unity-vnc-client\pluginsource\source\realvnc\common\debug\rfb\cmsgreaderv3.obj
c:\_dev\unity-vnc-client\pluginsource\source\realvnc\common\debug\rfb\cmsgreader.obj
c:\_dev\unity-vnc-client\pluginsource\source\realvnc\common\debug\rfb\cmsghandler.obj
c:\_dev\unity-vnc-client\pluginsource\source\realvnc\common\debug\rfb\cconnection.obj
c:\_dev\unity-vnc-client\pluginsource\source\realvnc\common\debug\rfb\blacklist.obj
c:\_dev\unity-vnc-client\pluginsource\source\realvnc\common\debug\rfb\ssecurityfactorystandard.obj
c:\_dev\unity-vnc-client\pluginsource\source\realvnc\common\debug\rfb\smsgwriterv3.obj
c:\_dev\unity-vnc-client\pluginsource\source\realvnc\common\debug\rfb\smsgwriter.obj
c:\_dev\unity-vnc-client\pluginsource\source\realvnc\common\debug\rfb\smsgreaderv3.obj
c:\_dev\unity-vnc-client\pluginsource\source\realvnc\common\debug\rfb\smsgreader.obj
c:\_dev\unity-vnc-client\pluginsource\source\realvnc\common\debug\rfb\smsghandler.obj
c:\_dev\unity-vnc-client\pluginsource\source\realvnc\common\debug\rfb\servercore.obj
c:\_dev\unity-vnc-client\pluginsource\source\realvnc\common\debug\rfb\sectypes.obj
c:\_dev\unity-vnc-client\pluginsource\source\realvnc\common\debug\rfb\sconnection.obj
c:\_dev\unity-vnc-client\pluginsource\source\realvnc\common\debug\rfb\rreencoder.obj
c:\_dev\unity-vnc-client\pluginsource\source\realvnc\common\debug\rfb\rredecoder.obj
c:\_dev\unity-vnc-client\pluginsource\source\realvnc\common\debug\rfb\region.obj
c:\_dev\unity-vnc-client\pluginsource\source\realvnc\common\debug\rfb\rawencoder.obj
c:\_dev\unity-vnc-client\pluginsource\source\realvnc\common\debug\rfb\rawdecoder.obj
c:\_dev\unity-vnc-client\pluginsource\source\realvnc\common\debug\rfb\pixelformat.obj
c:\_dev\unity-vnc-client\pluginsource\source\realvnc\common\debug\rfb\pixelbuffer.obj
c:\_dev\unity-vnc-client\pluginsource\source\realvnc\common\debug\rfb\password.obj
c:\_dev\unity-vnc-client\pluginsource\source\realvnc\common\debug\rfb\logwriter.obj
c:\_dev\unity-vnc-client\pluginsource\source\realvnc\common\debug\rfb\logger_stdio.obj
c:\_dev\unity-vnc-client\pluginsource\source\realvnc\common\debug\rfb\logger_file.obj
c:\_dev\unity-vnc-client\pluginsource\source\realvnc\common\debug\rfb\zrleencoder.obj
c:\_dev\unity-vnc-client\pluginsource\source\realvnc\common\debug\rfb\zrledecoder.obj
c:\_dev\unity-vnc-client\pluginsource\source\realvnc\common\debug\rfb\vncserverst.obj
c:\_dev\unity-vnc-client\pluginsource\source\realvnc\common\debug\rfb\vncsconnectionst.obj
c:\_dev\unity-vnc-client\pluginsource\source\realvnc\common\debug\rfb\util.obj
c:\_dev\unity-vnc-client\pluginsource\source\realvnc\common\debug\rfb\updatetracker.obj
c:\_dev\unity-vnc-client\pluginsource\source\realvnc\common\debug\rfb\transimagegetter.obj
c:\_dev\unity-vnc-client\pluginsource\source\realvnc\common\debug\rfb\ssecurityvncauth.obj
c:\_dev\unity-vnc-client\pluginsource\source\realvnc\common\debug\rfb\d3des.obj
c:\_dev\unity-vnc-client\pluginsource\source\realvnc\common\debug\rfb.lib
c:\_dev\unity-vnc-client\pluginsource\source\realvnc\common\rfb\x64\debug\rfb.tlog\cl.command.1.tlog
c:\_dev\unity-vnc-client\pluginsource\source\realvnc\common\rfb\x64\debug\rfb.tlog\cl.read.1.tlog
c:\_dev\unity-vnc-client\pluginsource\source\realvnc\common\rfb\x64\debug\rfb.tlog\cl.write.1.tlog
c:\_dev\unity-vnc-client\pluginsource\source\realvnc\common\rfb\x64\debug\rfb.tlog\lib-link.read.1.tlog
c:\_dev\unity-vnc-client\pluginsource\source\realvnc\common\rfb\x64\debug\rfb.tlog\lib-link.write.1.tlog
c:\_dev\unity-vnc-client\pluginsource\source\realvnc\common\rfb\x64\debug\rfb.tlog\lib.command.1.tlog
