  Exception.cxx
Exception.cxx(53): warning C4267: 'argument': conversion from 'size_t' to 'DWORD', possible loss of data
Exception.cxx(55): warning C4267: 'initializing': conversion from 'size_t' to 'int', possible loss of data
  HexInStream.cxx
C:\_dev\Unity-VNC-Client\PluginSource\source\Realvnc\common\rdr/InStream.h(50): warning C4244: '=': conversion from '__int64' to 'int', possible loss of data
C:\_dev\Unity-VNC-Client\PluginSource\source\Realvnc\common\rdr/InStream.h(99): warning C4244: 'argument': conversion from '__int64' to 'int', possible loss of data
HexInStream.cxx(54): warning C4267: 'initializing': conversion from 'size_t' to 'int', possible loss of data
HexInStream.cxx(80): warning C4244: 'return': conversion from '__int64' to 'int', possible loss of data
HexInStream.cxx(91): warning C4244: '+=': conversion from '__int64' to 'int', possible loss of data
HexInStream.cxx(99): warning C4244: 'argument': conversion from '__int64' to 'int', possible loss of data
HexInStream.cxx(114): warning C4244: '=': conversion from '__int64' to 'int', possible loss of data
  HexOutStream.cxx
C:\_dev\Unity-VNC-Client\PluginSource\source\Realvnc\common\rdr/OutStream.h(52): warning C4244: '=': conversion from '__int64' to 'int', possible loss of data
C:\_dev\Unity-VNC-Client\PluginSource\source\Realvnc\common\rdr/OutStream.h(73): warning C4267: 'initializing': conversion from 'size_t' to 'rdr::U32', possible loss of data
C:\_dev\Unity-VNC-Client\PluginSource\source\Realvnc\common\rdr/OutStream.h(96): warning C4244: 'argument': conversion from '__int64' to 'int', possible loss of data
HexOutStream.cxx(73): warning C4244: 'argument': conversion from '__int64' to 'int', possible loss of data
HexOutStream.cxx(83): warning C4244: '+=': conversion from '__int64' to 'int', possible loss of data
HexOutStream.cxx(89): warning C4244: 'return': conversion from '__int64' to 'int', possible loss of data
HexOutStream.cxx(106): warning C4244: '=': conversion from '__int64' to 'int', possible loss of data
  RandomStream.cxx
C:\_dev\Unity-VNC-Client\PluginSource\source\Realvnc\common\rdr/InStream.h(50): warning C4244: '=': conversion from '__int64' to 'int', possible loss of data
C:\_dev\Unity-VNC-Client\PluginSource\source\Realvnc\common\rdr/InStream.h(99): warning C4244: 'argument': conversion from '__int64' to 'int', possible loss of data
RandomStream.cxx(87): warning C4244: 'return': conversion from '__int64' to 'int', possible loss of data
RandomStream.cxx(98): warning C4244: '+=': conversion from '__int64' to 'int', possible loss of data
RandomStream.cxx(101): warning C4244: 'initializing': conversion from '__int64' to 'int', possible loss of data
RandomStream.cxx(127): warning C4244: '=': conversion from '__int64' to 'int', possible loss of data
  Generating Code...
  FdInStream.cxx
C:\_dev\Unity-VNC-Client\PluginSource\source\Realvnc\common\rdr/InStream.h(50): warning C4244: '=': conversion from '__int64' to 'int', possible loss of data
C:\_dev\Unity-VNC-Client\PluginSource\source\Realvnc\common\rdr/InStream.h(99): warning C4244: 'argument': conversion from '__int64' to 'int', possible loss of data
FdInStream.cxx(90): warning C4244: 'return': conversion from '__int64' to 'int', possible loss of data
FdInStream.cxx(102): warning C4244: 'initializing': conversion from '__int64' to 'int', possible loss of data
FdInStream.cxx(127): warning C4244: '+=': conversion from '__int64' to 'int', possible loss of data
FdInStream.cxx(132): warning C4244: 'argument': conversion from '__int64' to 'int', possible loss of data
FdInStream.cxx(138): warning C4244: '=': conversion from '__int64' to 'int', possible loss of data
FdInStream.cxx(163): warning C4244: '=': conversion from 'time_t' to 'long', possible loss of data
  FdOutStream.cxx
FdOutStream.cxx(24): warning C4005: 'EWOULDBLOCK': macro redefinition
  C:\Program Files (x86)\Windows Kits\10\Include\10.0.10240.0\ucrt\errno.h(124): note: see previous definition of 'EWOULDBLOCK'
C:\_dev\Unity-VNC-Client\PluginSource\source\Realvnc\common\rdr/OutStream.h(52): warning C4244: '=': conversion from '__int64' to 'int', possible loss of data
C:\_dev\Unity-VNC-Client\PluginSource\source\Realvnc\common\rdr/OutStream.h(73): warning C4267: 'initializing': conversion from 'size_t' to 'rdr::U32', possible loss of data
C:\_dev\Unity-VNC-Client\PluginSource\source\Realvnc\common\rdr/OutStream.h(96): warning C4244: 'argument': conversion from '__int64' to 'int', possible loss of data
FdOutStream.cxx(87): warning C4244: 'return': conversion from '__int64' to 'int', possible loss of data
FdOutStream.cxx(94): warning C4244: 'argument': conversion from '__int64' to 'int', possible loss of data
FdOutStream.cxx(111): warning C4244: '=': conversion from '__int64' to 'int', possible loss of data
  InStream.cxx
C:\_dev\Unity-VNC-Client\PluginSource\source\Realvnc\common\rdr/InStream.h(50): warning C4244: '=': conversion from '__int64' to 'int', possible loss of data
C:\_dev\Unity-VNC-Client\PluginSource\source\Realvnc\common\rdr/InStream.h(99): warning C4244: 'argument': conversion from '__int64' to 'int', possible loss of data
  ZlibInStream.cxx
C:\_dev\Unity-VNC-Client\PluginSource\source\Realvnc\common\rdr/InStream.h(50): warning C4244: '=': conversion from '__int64' to 'int', possible loss of data
C:\_dev\Unity-VNC-Client\PluginSource\source\Realvnc\common\rdr/InStream.h(99): warning C4244: 'argument': conversion from '__int64' to 'int', possible loss of data
ZlibInStream.cxx(60): warning C4244: 'return': conversion from '__int64' to 'int', possible loss of data
ZlibInStream.cxx(85): warning C4244: '+=': conversion from '__int64' to 'int', possible loss of data
ZlibInStream.cxx(95): warning C4244: '=': conversion from '__int64' to 'int', possible loss of data
ZlibInStream.cxx(107): warning C4244: '=': conversion from '__int64' to 'uInt', possible loss of data
ZlibInStream.cxx(112): warning C4244: '=': conversion from '__int64' to 'uInt', possible loss of data
ZlibInStream.cxx(121): warning C4244: '-=': conversion from '__int64' to 'int', possible loss of data
  ZlibOutStream.cxx
C:\_dev\Unity-VNC-Client\PluginSource\source\Realvnc\common\rdr/OutStream.h(52): warning C4244: '=': conversion from '__int64' to 'int', possible loss of data
C:\_dev\Unity-VNC-Client\PluginSource\source\Realvnc\common\rdr/OutStream.h(73): warning C4267: 'initializing': conversion from 'size_t' to 'rdr::U32', possible loss of data
C:\_dev\Unity-VNC-Client\PluginSource\source\Realvnc\common\rdr/OutStream.h(96): warning C4244: 'argument': conversion from '__int64' to 'int', possible loss of data
ZlibOutStream.cxx(60): warning C4244: 'return': conversion from '__int64' to 'int', possible loss of data
ZlibOutStream.cxx(66): warning C4244: '=': conversion from '__int64' to 'uInt', possible loss of data
ZlibOutStream.cxx(75): warning C4244: '=': conversion from '__int64' to 'uInt', possible loss of data
ZlibOutStream.cxx(89): warning C4244: '+=': conversion from '__int64' to 'int', possible loss of data
ZlibOutStream.cxx(102): warning C4244: '=': conversion from '__int64' to 'uInt', possible loss of data
ZlibOutStream.cxx(107): warning C4244: '=': conversion from '__int64' to 'uInt', possible loss of data
ZlibOutStream.cxx(124): warning C4244: '+=': conversion from '__int64' to 'int', possible loss of data
ZlibOutStream.cxx(131): warning C4244: '+=': conversion from '__int64' to 'int', possible loss of data
ZlibOutStream.cxx(137): warning C4244: '=': conversion from '__int64' to 'int', possible loss of data
  Generating Code...
C:\Program Files (x86)\MSBuild\Microsoft.Cpp\v4.0\V140\Microsoft.CppBuild.targets(1357,5): warning MSB8012: TargetPath(C:\_dev\Unity-VNC-Client\PluginSource\projects\VisualStudio2015\x64\Debug\rdr.lib) does not match the Library's OutputFile property value (C:\_dev\Unity-VNC-Client\PluginSource\source\Realvnc\common\Debug\rdr.lib). This may cause your project to build incorrectly. To correct this, please make sure that $(OutDir), $(TargetName) and $(TargetExt) property values match the value specified in %(Lib.OutputFile).
  rdr.vcxproj -> C:\_dev\Unity-VNC-Client\PluginSource\projects\VisualStudio2015\x64\Debug\rdr.lib
