  Exception.cxx
C:\_dev\Unity-VNC-Client\vnc-4_1_3-winsrc\common\rdr/Exception.h(33): warning C4996: 'strncat': This function or variable may be unsafe. Consider using strncat_s instead. To disable deprecation, use _CRT_SECURE_NO_WARNINGS. See online help for details.
  C:\Program Files (x86)\Windows Kits\10\Include\10.0.10240.0\ucrt\string.h(255): note: see declaration of 'strncat'
C:\_dev\Unity-VNC-Client\vnc-4_1_3-winsrc\common\rdr/Exception.h(35): warning C4996: 'strcat': This function or variable may be unsafe. Consider using strcat_s instead. To disable deprecation, use _CRT_SECURE_NO_WARNINGS. See online help for details.
  C:\Program Files (x86)\Windows Kits\10\Include\10.0.10240.0\ucrt\string.h(90): note: see declaration of 'strcat'
Exception.cxx(30): warning C4996: 'strncat': This function or variable may be unsafe. Consider using strncat_s instead. To disable deprecation, use _CRT_SECURE_NO_WARNINGS. See online help for details.
  C:\Program Files (x86)\Windows Kits\10\Include\10.0.10240.0\ucrt\string.h(255): note: see declaration of 'strncat'
Exception.cxx(41): warning C4996: 'strncat': This function or variable may be unsafe. Consider using strncat_s instead. To disable deprecation, use _CRT_SECURE_NO_WARNINGS. See online help for details.
  C:\Program Files (x86)\Windows Kits\10\Include\10.0.10240.0\ucrt\string.h(255): note: see declaration of 'strncat'
Exception.cxx(63): warning C4996: 'strncat': This function or variable may be unsafe. Consider using strncat_s instead. To disable deprecation, use _CRT_SECURE_NO_WARNINGS. See online help for details.
  C:\Program Files (x86)\Windows Kits\10\Include\10.0.10240.0\ucrt\string.h(255): note: see declaration of 'strncat'
Exception.cxx(67): warning C4996: 'sprintf': This function or variable may be unsafe. Consider using sprintf_s instead. To disable deprecation, use _CRT_SECURE_NO_WARNINGS. See online help for details.
  C:\Program Files (x86)\Windows Kits\10\Include\10.0.10240.0\ucrt\stdio.h(1769): note: see declaration of 'sprintf'
Exception.cxx(70): warning C4996: 'sprintf': This function or variable may be unsafe. Consider using sprintf_s instead. To disable deprecation, use _CRT_SECURE_NO_WARNINGS. See online help for details.
  C:\Program Files (x86)\Windows Kits\10\Include\10.0.10240.0\ucrt\stdio.h(1769): note: see declaration of 'sprintf'
Exception.cxx(71): warning C4996: 'strncat': This function or variable may be unsafe. Consider using strncat_s instead. To disable deprecation, use _CRT_SECURE_NO_WARNINGS. See online help for details.
  C:\Program Files (x86)\Windows Kits\10\Include\10.0.10240.0\ucrt\string.h(255): note: see declaration of 'strncat'
Exception.cxx(72): warning C4996: 'strncat': This function or variable may be unsafe. Consider using strncat_s instead. To disable deprecation, use _CRT_SECURE_NO_WARNINGS. See online help for details.
  C:\Program Files (x86)\Windows Kits\10\Include\10.0.10240.0\ucrt\string.h(255): note: see declaration of 'strncat'
  HexInStream.cxx
C:\_dev\Unity-VNC-Client\vnc-4_1_3-winsrc\common\rdr/Exception.h(33): warning C4996: 'strncat': This function or variable may be unsafe. Consider using strncat_s instead. To disable deprecation, use _CRT_SECURE_NO_WARNINGS. See online help for details.
  C:\Program Files (x86)\Windows Kits\10\Include\10.0.10240.0\ucrt\string.h(255): note: see declaration of 'strncat'
C:\_dev\Unity-VNC-Client\vnc-4_1_3-winsrc\common\rdr/Exception.h(35): warning C4996: 'strcat': This function or variable may be unsafe. Consider using strcat_s instead. To disable deprecation, use _CRT_SECURE_NO_WARNINGS. See online help for details.
  C:\Program Files (x86)\Windows Kits\10\Include\10.0.10240.0\ucrt\string.h(90): note: see declaration of 'strcat'
  HexOutStream.cxx
C:\_dev\Unity-VNC-Client\vnc-4_1_3-winsrc\common\rdr/Exception.h(33): warning C4996: 'strncat': This function or variable may be unsafe. Consider using strncat_s instead. To disable deprecation, use _CRT_SECURE_NO_WARNINGS. See online help for details.
  C:\Program Files (x86)\Windows Kits\10\Include\10.0.10240.0\ucrt\string.h(255): note: see declaration of 'strncat'
C:\_dev\Unity-VNC-Client\vnc-4_1_3-winsrc\common\rdr/Exception.h(35): warning C4996: 'strcat': This function or variable may be unsafe. Consider using strcat_s instead. To disable deprecation, use _CRT_SECURE_NO_WARNINGS. See online help for details.
  C:\Program Files (x86)\Windows Kits\10\Include\10.0.10240.0\ucrt\string.h(90): note: see declaration of 'strcat'
  RandomStream.cxx
C:\_dev\Unity-VNC-Client\vnc-4_1_3-winsrc\common\rdr/Exception.h(33): warning C4996: 'strncat': This function or variable may be unsafe. Consider using strncat_s instead. To disable deprecation, use _CRT_SECURE_NO_WARNINGS. See online help for details.
  C:\Program Files (x86)\Windows Kits\10\Include\10.0.10240.0\ucrt\string.h(255): note: see declaration of 'strncat'
C:\_dev\Unity-VNC-Client\vnc-4_1_3-winsrc\common\rdr/Exception.h(35): warning C4996: 'strcat': This function or variable may be unsafe. Consider using strcat_s instead. To disable deprecation, use _CRT_SECURE_NO_WARNINGS. See online help for details.
  C:\Program Files (x86)\Windows Kits\10\Include\10.0.10240.0\ucrt\string.h(90): note: see declaration of 'strcat'
  Generating Code...
  FdInStream.cxx
C:\_dev\Unity-VNC-Client\vnc-4_1_3-winsrc\common\rdr/Exception.h(33): warning C4996: 'strncat': This function or variable may be unsafe. Consider using strncat_s instead. To disable deprecation, use _CRT_SECURE_NO_WARNINGS. See online help for details.
  C:\Program Files (x86)\Windows Kits\10\Include\10.0.10240.0\ucrt\string.h(255): note: see declaration of 'strncat'
C:\_dev\Unity-VNC-Client\vnc-4_1_3-winsrc\common\rdr/Exception.h(35): warning C4996: 'strcat': This function or variable may be unsafe. Consider using strcat_s instead. To disable deprecation, use _CRT_SECURE_NO_WARNINGS. See online help for details.
  C:\Program Files (x86)\Windows Kits\10\Include\10.0.10240.0\ucrt\string.h(90): note: see declaration of 'strcat'
FdInStream.cxx(163): warning C4244: '=': conversion from 'time_t' to 'long', possible loss of data
  FdOutStream.cxx
FdOutStream.cxx(24): warning C4005: 'EWOULDBLOCK': macro redefinition
  C:\Program Files (x86)\Windows Kits\10\Include\10.0.10240.0\ucrt\errno.h(124): note: see previous definition of 'EWOULDBLOCK'
C:\_dev\Unity-VNC-Client\vnc-4_1_3-winsrc\common\rdr/Exception.h(33): warning C4996: 'strncat': This function or variable may be unsafe. Consider using strncat_s instead. To disable deprecation, use _CRT_SECURE_NO_WARNINGS. See online help for details.
  C:\Program Files (x86)\Windows Kits\10\Include\10.0.10240.0\ucrt\string.h(255): note: see declaration of 'strncat'
C:\_dev\Unity-VNC-Client\vnc-4_1_3-winsrc\common\rdr/Exception.h(35): warning C4996: 'strcat': This function or variable may be unsafe. Consider using strcat_s instead. To disable deprecation, use _CRT_SECURE_NO_WARNINGS. See online help for details.
  C:\Program Files (x86)\Windows Kits\10\Include\10.0.10240.0\ucrt\string.h(90): note: see declaration of 'strcat'
  InStream.cxx
C:\_dev\Unity-VNC-Client\vnc-4_1_3-winsrc\common\rdr/Exception.h(33): warning C4996: 'strncat': This function or variable may be unsafe. Consider using strncat_s instead. To disable deprecation, use _CRT_SECURE_NO_WARNINGS. See online help for details.
  C:\Program Files (x86)\Windows Kits\10\Include\10.0.10240.0\ucrt\string.h(255): note: see declaration of 'strncat'
C:\_dev\Unity-VNC-Client\vnc-4_1_3-winsrc\common\rdr/Exception.h(35): warning C4996: 'strcat': This function or variable may be unsafe. Consider using strcat_s instead. To disable deprecation, use _CRT_SECURE_NO_WARNINGS. See online help for details.
  C:\Program Files (x86)\Windows Kits\10\Include\10.0.10240.0\ucrt\string.h(90): note: see declaration of 'strcat'
  ZlibInStream.cxx
C:\_dev\Unity-VNC-Client\vnc-4_1_3-winsrc\common\rdr/Exception.h(33): warning C4996: 'strncat': This function or variable may be unsafe. Consider using strncat_s instead. To disable deprecation, use _CRT_SECURE_NO_WARNINGS. See online help for details.
  C:\Program Files (x86)\Windows Kits\10\Include\10.0.10240.0\ucrt\string.h(255): note: see declaration of 'strncat'
C:\_dev\Unity-VNC-Client\vnc-4_1_3-winsrc\common\rdr/Exception.h(35): warning C4996: 'strcat': This function or variable may be unsafe. Consider using strcat_s instead. To disable deprecation, use _CRT_SECURE_NO_WARNINGS. See online help for details.
  C:\Program Files (x86)\Windows Kits\10\Include\10.0.10240.0\ucrt\string.h(90): note: see declaration of 'strcat'
  ZlibOutStream.cxx
C:\_dev\Unity-VNC-Client\vnc-4_1_3-winsrc\common\rdr/Exception.h(33): warning C4996: 'strncat': This function or variable may be unsafe. Consider using strncat_s instead. To disable deprecation, use _CRT_SECURE_NO_WARNINGS. See online help for details.
  C:\Program Files (x86)\Windows Kits\10\Include\10.0.10240.0\ucrt\string.h(255): note: see declaration of 'strncat'
C:\_dev\Unity-VNC-Client\vnc-4_1_3-winsrc\common\rdr/Exception.h(35): warning C4996: 'strcat': This function or variable may be unsafe. Consider using strcat_s instead. To disable deprecation, use _CRT_SECURE_NO_WARNINGS. See online help for details.
  C:\Program Files (x86)\Windows Kits\10\Include\10.0.10240.0\ucrt\string.h(90): note: see declaration of 'strcat'
  Generating Code...
  rdr.vcxproj -> C:\_dev\Unity-VNC-Client\vnc-4_1_3-winsrc\common\rdr\.\..\Debug\rdr.lib
