  CConn.cxx
C:\_dev\Unity-VNC-Client\vnc-4_1_3-winsrc\common\rdr/Exception.h(33): warning C4996: 'strncat': This function or variable may be unsafe. Consider using strncat_s instead. To disable deprecation, use _CRT_SECURE_NO_WARNINGS. See online help for details.
  C:\Program Files (x86)\Windows Kits\10\Include\10.0.10240.0\ucrt\string.h(255): note: see declaration of 'strncat'
C:\_dev\Unity-VNC-Client\vnc-4_1_3-winsrc\common\rdr/Exception.h(35): warning C4996: 'strcat': This function or variable may be unsafe. Consider using strcat_s instead. To disable deprecation, use _CRT_SECURE_NO_WARNINGS. See online help for details.
  C:\Program Files (x86)\Windows Kits\10\Include\10.0.10240.0\ucrt\string.h(90): note: see declaration of 'strcat'
C:\_dev\Unity-VNC-Client\vnc-4_1_3-winsrc\win\rfb_win32/LogicalPalette.h(47): warning C4297: 'rfb::win32::LogicalPalette::~LogicalPalette': function assumed not to throw an exception but does
  C:\_dev\Unity-VNC-Client\vnc-4_1_3-winsrc\win\rfb_win32/LogicalPalette.h(47): note: destructor or deallocator has a (possibly implicit) non-throwing exception specification
CConn.cxx(76): error C2039: 'initialise': is not a member of 'rfb::win32::CConn'
  C:\_dev\Unity-VNC-Client\vnc-4_1_3-winsrc\win\vncviewer/CConn.h(43): note: see declaration of 'rfb::win32::CConn'
CConn.cxx(79): error C3861: 'setServerName': identifier not found
CConn.cxx(80): error C2065: 'options': undeclared identifier
CConn.cxx(80): error C2228: left of '.host' must have class/struct/union
  CConn.cxx(80): note: type is 'unknown-type'
CConn.cxx(80): error C2228: left of '.buf' must have class/struct/union
CConn.cxx(81): error C2065: 'options': undeclared identifier
CConn.cxx(81): error C2228: left of '.setHost' must have class/struct/union
  CConn.cxx(81): note: type is 'unknown-type'
CConn.cxx(84): error C3861: 'setStreams': identifier not found
CConn.cxx(87): error C2355: 'this': can only be referenced inside non-static member functions or non-static data member initializers
CConn.cxx(90): error C2065: 'options': undeclared identifier
CConn.cxx(90): error C3861: 'applyOptions': identifier not found
CConn.cxx(93): error C3861: 'addSecType': identifier not found
CConn.cxx(94): error C3861: 'addSecType': identifier not found
CConn.cxx(97): error C2065: 'sock': undeclared identifier
CConn.cxx(98): error C2065: 'reverseConnection': undeclared identifier
CConn.cxx(99): error C3861: 'initialiseProtocol': identifier not found
CConn.cxx(242): warning C4996: 'sprintf': This function or variable may be unsafe. Consider using sprintf_s instead. To disable deprecation, use _CRT_SECURE_NO_WARNINGS. See online help for details.
  C:\Program Files (x86)\Windows Kits\10\Include\10.0.10240.0\ucrt\stdio.h(1769): note: see declaration of 'sprintf'
  CConnThread.cxx
C:\_dev\Unity-VNC-Client\vnc-4_1_3-winsrc\common\rdr/Exception.h(33): warning C4996: 'strncat': This function or variable may be unsafe. Consider using strncat_s instead. To disable deprecation, use _CRT_SECURE_NO_WARNINGS. See online help for details.
  C:\Program Files (x86)\Windows Kits\10\Include\10.0.10240.0\ucrt\string.h(255): note: see declaration of 'strncat'
C:\_dev\Unity-VNC-Client\vnc-4_1_3-winsrc\common\rdr/Exception.h(35): warning C4996: 'strcat': This function or variable may be unsafe. Consider using strcat_s instead. To disable deprecation, use _CRT_SECURE_NO_WARNINGS. See online help for details.
  C:\Program Files (x86)\Windows Kits\10\Include\10.0.10240.0\ucrt\string.h(90): note: see declaration of 'strcat'
C:\_dev\Unity-VNC-Client\vnc-4_1_3-winsrc\win\rfb_win32/MsgBox.h(52): warning C4996: 'strcpy': This function or variable may be unsafe. Consider using strcpy_s instead. To disable deprecation, use _CRT_SECURE_NO_WARNINGS. See online help for details.
  C:\Program Files (x86)\Windows Kits\10\Include\10.0.10240.0\ucrt\string.h(119): note: see declaration of 'strcpy'
C:\_dev\Unity-VNC-Client\vnc-4_1_3-winsrc\win\rfb_win32/MsgBox.h(54): warning C4996: 'strcat': This function or variable may be unsafe. Consider using strcat_s instead. To disable deprecation, use _CRT_SECURE_NO_WARNINGS. See online help for details.
  C:\Program Files (x86)\Windows Kits\10\Include\10.0.10240.0\ucrt\string.h(90): note: see declaration of 'strcat'
C:\_dev\Unity-VNC-Client\vnc-4_1_3-winsrc\win\rfb_win32/MsgBox.h(55): warning C4996: 'strcat': This function or variable may be unsafe. Consider using strcat_s instead. To disable deprecation, use _CRT_SECURE_NO_WARNINGS. See online help for details.
  C:\Program Files (x86)\Windows Kits\10\Include\10.0.10240.0\ucrt\string.h(90): note: see declaration of 'strcat'
C:\_dev\Unity-VNC-Client\vnc-4_1_3-winsrc\win\rfb_win32/LogicalPalette.h(47): warning C4297: 'rfb::win32::LogicalPalette::~LogicalPalette': function assumed not to throw an exception but does
  C:\_dev\Unity-VNC-Client\vnc-4_1_3-winsrc\win\rfb_win32/LogicalPalette.h(47): note: destructor or deallocator has a (possibly implicit) non-throwing exception specification
C:\_dev\Unity-VNC-Client\vnc-4_1_3-winsrc\win\vncviewer/MRU.h(85): warning C4996: 'stricmp': The POSIX name for this item is deprecated. Instead, use the ISO C and C++ conformant name: _stricmp. See online help for details.
  C:\Program Files (x86)\Windows Kits\10\Include\10.0.10240.0\ucrt\string.h(568): note: see declaration of 'stricmp'
CConnThread.cxx(143): error C2039: 'initialise': is not a member of 'rfb::win32::CConn'
  C:\_dev\Unity-VNC-Client\vnc-4_1_3-winsrc\win\vncviewer/ConnectionDialog.h(34): note: see declaration of 'rfb::win32::CConn'
CConnThread.cxx(176): warning C4996: 'sprintf': This function or variable may be unsafe. Consider using sprintf_s instead. To disable deprecation, use _CRT_SECURE_NO_WARNINGS. See online help for details.
  C:\Program Files (x86)\Windows Kits\10\Include\10.0.10240.0\ucrt\stdio.h(1769): note: see declaration of 'sprintf'
  ConnectionDialog.cxx
C:\_dev\Unity-VNC-Client\vnc-4_1_3-winsrc\common\rdr/Exception.h(33): warning C4996: 'strncat': This function or variable may be unsafe. Consider using strncat_s instead. To disable deprecation, use _CRT_SECURE_NO_WARNINGS. See online help for details.
  C:\Program Files (x86)\Windows Kits\10\Include\10.0.10240.0\ucrt\string.h(255): note: see declaration of 'strncat'
C:\_dev\Unity-VNC-Client\vnc-4_1_3-winsrc\common\rdr/Exception.h(35): warning C4996: 'strcat': This function or variable may be unsafe. Consider using strcat_s instead. To disable deprecation, use _CRT_SECURE_NO_WARNINGS. See online help for details.
  C:\Program Files (x86)\Windows Kits\10\Include\10.0.10240.0\ucrt\string.h(90): note: see declaration of 'strcat'
C:\_dev\Unity-VNC-Client\vnc-4_1_3-winsrc\win\vncviewer/MRU.h(85): warning C4996: 'stricmp': The POSIX name for this item is deprecated. Instead, use the ISO C and C++ conformant name: _stricmp. See online help for details.
  C:\Program Files (x86)\Windows Kits\10\Include\10.0.10240.0\ucrt\string.h(568): note: see declaration of 'stricmp'
C:\_dev\Unity-VNC-Client\vnc-4_1_3-winsrc\win\rfb_win32/LogicalPalette.h(47): warning C4297: 'rfb::win32::LogicalPalette::~LogicalPalette': function assumed not to throw an exception but does
  C:\_dev\Unity-VNC-Client\vnc-4_1_3-winsrc\win\rfb_win32/LogicalPalette.h(47): note: destructor or deallocator has a (possibly implicit) non-throwing exception specification
  InfoDialog.cxx
C:\_dev\Unity-VNC-Client\vnc-4_1_3-winsrc\common\rdr/Exception.h(33): warning C4996: 'strncat': This function or variable may be unsafe. Consider using strncat_s instead. To disable deprecation, use _CRT_SECURE_NO_WARNINGS. See online help for details.
  C:\Program Files (x86)\Windows Kits\10\Include\10.0.10240.0\ucrt\string.h(255): note: see declaration of 'strncat'
C:\_dev\Unity-VNC-Client\vnc-4_1_3-winsrc\common\rdr/Exception.h(35): warning C4996: 'strcat': This function or variable may be unsafe. Consider using strcat_s instead. To disable deprecation, use _CRT_SECURE_NO_WARNINGS. See online help for details.
  C:\Program Files (x86)\Windows Kits\10\Include\10.0.10240.0\ucrt\string.h(90): note: see declaration of 'strcat'
C:\_dev\Unity-VNC-Client\vnc-4_1_3-winsrc\win\rfb_win32/LogicalPalette.h(47): warning C4297: 'rfb::win32::LogicalPalette::~LogicalPalette': function assumed not to throw an exception but does
  C:\_dev\Unity-VNC-Client\vnc-4_1_3-winsrc\win\rfb_win32/LogicalPalette.h(47): note: destructor or deallocator has a (possibly implicit) non-throwing exception specification
InfoDialog.cxx(44): warning C4996: 'sprintf': This function or variable may be unsafe. Consider using sprintf_s instead. To disable deprecation, use _CRT_SECURE_NO_WARNINGS. See online help for details.
  C:\Program Files (x86)\Windows Kits\10\Include\10.0.10240.0\ucrt\stdio.h(1769): note: see declaration of 'sprintf'
InfoDialog.cxx(56): warning C4996: 'sprintf': This function or variable may be unsafe. Consider using sprintf_s instead. To disable deprecation, use _CRT_SECURE_NO_WARNINGS. See online help for details.
  C:\Program Files (x86)\Windows Kits\10\Include\10.0.10240.0\ucrt\stdio.h(1769): note: see declaration of 'sprintf'
InfoDialog.cxx(59): warning C4996: 'sprintf': This function or variable may be unsafe. Consider using sprintf_s instead. To disable deprecation, use _CRT_SECURE_NO_WARNINGS. See online help for details.
  C:\Program Files (x86)\Windows Kits\10\Include\10.0.10240.0\ucrt\stdio.h(1769): note: see declaration of 'sprintf'
  OptionsDialog.cxx
C:\_dev\Unity-VNC-Client\vnc-4_1_3-winsrc\common\rdr/Exception.h(33): warning C4996: 'strncat': This function or variable may be unsafe. Consider using strncat_s instead. To disable deprecation, use _CRT_SECURE_NO_WARNINGS. See online help for details.
  C:\Program Files (x86)\Windows Kits\10\Include\10.0.10240.0\ucrt\string.h(255): note: see declaration of 'strncat'
C:\_dev\Unity-VNC-Client\vnc-4_1_3-winsrc\common\rdr/Exception.h(35): warning C4996: 'strcat': This function or variable may be unsafe. Consider using strcat_s instead. To disable deprecation, use _CRT_SECURE_NO_WARNINGS. See online help for details.
  C:\Program Files (x86)\Windows Kits\10\Include\10.0.10240.0\ucrt\string.h(90): note: see declaration of 'strcat'
C:\_dev\Unity-VNC-Client\vnc-4_1_3-winsrc\win\rfb_win32/LogicalPalette.h(47): warning C4297: 'rfb::win32::LogicalPalette::~LogicalPalette': function assumed not to throw an exception but does
  C:\_dev\Unity-VNC-Client\vnc-4_1_3-winsrc\win\rfb_win32/LogicalPalette.h(47): note: destructor or deallocator has a (possibly implicit) non-throwing exception specification
C:\_dev\Unity-VNC-Client\vnc-4_1_3-winsrc\win\rfb_win32/MsgBox.h(52): warning C4996: 'strcpy': This function or variable may be unsafe. Consider using strcpy_s instead. To disable deprecation, use _CRT_SECURE_NO_WARNINGS. See online help for details.
  C:\Program Files (x86)\Windows Kits\10\Include\10.0.10240.0\ucrt\string.h(119): note: see declaration of 'strcpy'
C:\_dev\Unity-VNC-Client\vnc-4_1_3-winsrc\win\rfb_win32/MsgBox.h(54): warning C4996: 'strcat': This function or variable may be unsafe. Consider using strcat_s instead. To disable deprecation, use _CRT_SECURE_NO_WARNINGS. See online help for details.
  C:\Program Files (x86)\Windows Kits\10\Include\10.0.10240.0\ucrt\string.h(90): note: see declaration of 'strcat'
C:\_dev\Unity-VNC-Client\vnc-4_1_3-winsrc\win\rfb_win32/MsgBox.h(55): warning C4996: 'strcat': This function or variable may be unsafe. Consider using strcat_s instead. To disable deprecation, use _CRT_SECURE_NO_WARNINGS. See online help for details.
  C:\Program Files (x86)\Windows Kits\10\Include\10.0.10240.0\ucrt\string.h(90): note: see declaration of 'strcat'
OptionsDialog.cxx(178): warning C4996: 'sprintf': This function or variable may be unsafe. Consider using sprintf_s instead. To disable deprecation, use _CRT_SECURE_NO_WARNINGS. See online help for details.
  C:\Program Files (x86)\Windows Kits\10\Include\10.0.10240.0\ucrt\stdio.h(1769): note: see declaration of 'sprintf'
OptionsDialog.cxx(243): warning C4996: 'strcpy': This function or variable may be unsafe. Consider using strcpy_s instead. To disable deprecation, use _CRT_SECURE_NO_WARNINGS. See online help for details.
  C:\Program Files (x86)\Windows Kits\10\Include\10.0.10240.0\ucrt\string.h(119): note: see declaration of 'strcpy'
  vncviewer.cxx
C:\_dev\Unity-VNC-Client\vnc-4_1_3-winsrc\common\rdr/Exception.h(33): warning C4996: 'strncat': This function or variable may be unsafe. Consider using strncat_s instead. To disable deprecation, use _CRT_SECURE_NO_WARNINGS. See online help for details.
  C:\Program Files (x86)\Windows Kits\10\Include\10.0.10240.0\ucrt\string.h(255): note: see declaration of 'strncat'
C:\_dev\Unity-VNC-Client\vnc-4_1_3-winsrc\common\rdr/Exception.h(35): warning C4996: 'strcat': This function or variable may be unsafe. Consider using strcat_s instead. To disable deprecation, use _CRT_SECURE_NO_WARNINGS. See online help for details.
  C:\Program Files (x86)\Windows Kits\10\Include\10.0.10240.0\ucrt\string.h(90): note: see declaration of 'strcat'
C:\_dev\Unity-VNC-Client\vnc-4_1_3-winsrc\win\rfb_win32/LogicalPalette.h(47): warning C4297: 'rfb::win32::LogicalPalette::~LogicalPalette': function assumed not to throw an exception but does
  C:\_dev\Unity-VNC-Client\vnc-4_1_3-winsrc\win\rfb_win32/LogicalPalette.h(47): note: destructor or deallocator has a (possibly implicit) non-throwing exception specification
C:\_dev\Unity-VNC-Client\vnc-4_1_3-winsrc\win\vncviewer/ListenServer.h(37): warning C4996: 'WSAAsyncSelect': Use WSAEventSelect() instead or define _WINSOCK_DEPRECATED_NO_WARNINGS to disable deprecated API warnings
  C:\Program Files (x86)\Windows Kits\8.1\Include\um\winsock2.h(2699): note: see declaration of 'WSAAsyncSelect'
C:\_dev\Unity-VNC-Client\vnc-4_1_3-winsrc\win\rfb_win32/TrayIcon.h(67): warning C4996: '_tcsncpy': This function or variable may be unsafe. Consider using _tcsncpy_s instead. To disable deprecation, use _CRT_SECURE_NO_WARNINGS. See online help for details.
  C:\Program Files (x86)\Windows Kits\10\Include\10.0.10240.0\ucrt\tchar.h(1541): note: see declaration of '_tcsncpy'
C:\_dev\Unity-VNC-Client\vnc-4_1_3-winsrc\win\rfb_win32/MsgBox.h(52): warning C4996: 'strcpy': This function or variable may be unsafe. Consider using strcpy_s instead. To disable deprecation, use _CRT_SECURE_NO_WARNINGS. See online help for details.
  C:\Program Files (x86)\Windows Kits\10\Include\10.0.10240.0\ucrt\string.h(119): note: see declaration of 'strcpy'
C:\_dev\Unity-VNC-Client\vnc-4_1_3-winsrc\win\rfb_win32/MsgBox.h(54): warning C4996: 'strcat': This function or variable may be unsafe. Consider using strcat_s instead. To disable deprecation, use _CRT_SECURE_NO_WARNINGS. See online help for details.
  C:\Program Files (x86)\Windows Kits\10\Include\10.0.10240.0\ucrt\string.h(90): note: see declaration of 'strcat'
C:\_dev\Unity-VNC-Client\vnc-4_1_3-winsrc\win\rfb_win32/MsgBox.h(55): warning C4996: 'strcat': This function or variable may be unsafe. Consider using strcat_s instead. To disable deprecation, use _CRT_SECURE_NO_WARNINGS. See online help for details.
  C:\Program Files (x86)\Windows Kits\10\Include\10.0.10240.0\ucrt\string.h(90): note: see declaration of 'strcat'
vncviewer.cxx(158): warning C4996: 'sprintf': This function or variable may be unsafe. Consider using sprintf_s instead. To disable deprecation, use _CRT_SECURE_NO_WARNINGS. See online help for details.
  C:\Program Files (x86)\Windows Kits\10\Include\10.0.10240.0\ucrt\stdio.h(1769): note: see declaration of 'sprintf'
vncviewer.cxx(200): warning C4996: 'freopen': This function or variable may be unsafe. Consider using freopen_s instead. To disable deprecation, use _CRT_SECURE_NO_WARNINGS. See online help for details.
  C:\Program Files (x86)\Windows Kits\10\Include\10.0.10240.0\ucrt\stdio.h(240): note: see declaration of 'freopen'
vncviewer.cxx(201): warning C4996: 'freopen': This function or variable may be unsafe. Consider using freopen_s instead. To disable deprecation, use _CRT_SECURE_NO_WARNINGS. See online help for details.
  C:\Program Files (x86)\Windows Kits\10\Include\10.0.10240.0\ucrt\stdio.h(240): note: see declaration of 'freopen'
vncviewer.cxx(202): warning C4996: 'freopen': This function or variable may be unsafe. Consider using freopen_s instead. To disable deprecation, use _CRT_SECURE_NO_WARNINGS. See online help for details.
  C:\Program Files (x86)\Windows Kits\10\Include\10.0.10240.0\ucrt\stdio.h(240): note: see declaration of 'freopen'
vncviewer.cxx(203): warning C4996: 'setbuf': This function or variable may be unsafe. Consider using setvbuf instead. To disable deprecation, use _CRT_SECURE_NO_WARNINGS. See online help for details.
  C:\Program Files (x86)\Windows Kits\10\Include\10.0.10240.0\ucrt\stdio.h(396): note: see declaration of 'setbuf'
  Generating Code...
