c:\_dev\unity-vnc-client\pluginsource\source\realvnc\common\debug\zlib\zlib.pdb
c:\_dev\unity-vnc-client\pluginsource\source\realvnc\common\debug\zlib\zutil.obj
c:\_dev\unity-vnc-client\pluginsource\source\realvnc\common\debug\zlib\uncompr.obj
c:\_dev\unity-vnc-client\pluginsource\source\realvnc\common\debug\zlib\trees.obj
c:\_dev\unity-vnc-client\pluginsource\source\realvnc\common\debug\zlib\infutil.obj
c:\_dev\unity-vnc-client\pluginsource\source\realvnc\common\debug\zlib\inftrees.obj
c:\_dev\unity-vnc-client\pluginsource\source\realvnc\common\debug\zlib\inflate.obj
c:\_dev\unity-vnc-client\pluginsource\source\realvnc\common\debug\zlib\inffast.obj
c:\_dev\unity-vnc-client\pluginsource\source\realvnc\common\debug\zlib\infcodes.obj
c:\_dev\unity-vnc-client\pluginsource\source\realvnc\common\debug\zlib\infblock.obj
c:\_dev\unity-vnc-client\pluginsource\source\realvnc\common\debug\zlib\gzio.obj
c:\_dev\unity-vnc-client\pluginsource\source\realvnc\common\debug\zlib\deflate.obj
c:\_dev\unity-vnc-client\pluginsource\source\realvnc\common\debug\zlib\crc32.obj
c:\_dev\unity-vnc-client\pluginsource\source\realvnc\common\debug\zlib\compress.obj
c:\_dev\unity-vnc-client\pluginsource\source\realvnc\common\debug\zlib\adler32.obj
c:\_dev\unity-vnc-client\pluginsource\source\realvnc\common\debug\zlib.lib
c:\_dev\unity-vnc-client\pluginsource\source\realvnc\common\zlib\.\..\debug\zlib.lib
c:\_dev\unity-vnc-client\pluginsource\source\realvnc\common\debug\zlib\zlib.tlog\cl.command.1.tlog
c:\_dev\unity-vnc-client\pluginsource\source\realvnc\common\debug\zlib\zlib.tlog\cl.read.1.tlog
c:\_dev\unity-vnc-client\pluginsource\source\realvnc\common\debug\zlib\zlib.tlog\cl.write.1.tlog
c:\_dev\unity-vnc-client\pluginsource\source\realvnc\common\debug\zlib\zlib.tlog\lib-link.read.1.tlog
c:\_dev\unity-vnc-client\pluginsource\source\realvnc\common\debug\zlib\zlib.tlog\lib-link.write.1.tlog
c:\_dev\unity-vnc-client\pluginsource\source\realvnc\common\debug\zlib\zlib.tlog\lib.command.1.tlog
