  AboutDialog.cxx
  CKeyboard.cxx
  CleanDesktop.cxx
C:\Program Files (x86)\Windows Kits\8.1\Include\um\shlobj.h(2228): warning C4091: 'typedef ': ignored on left of 'tagDTI_ADTIWUI' when no variable is declared
C:\_dev\Unity-VNC-Client\vnc-4_1_3-winsrc\common\rdr/Exception.h(33): warning C4996: 'strncat': This function or variable may be unsafe. Consider using strncat_s instead. To disable deprecation, use _CRT_SECURE_NO_WARNINGS. See online help for details.
  C:\Program Files (x86)\Windows Kits\10\Include\10.0.10240.0\ucrt\string.h(255): note: see declaration of 'strncat'
C:\_dev\Unity-VNC-Client\vnc-4_1_3-winsrc\common\rdr/Exception.h(35): warning C4996: 'strcat': This function or variable may be unsafe. Consider using strcat_s instead. To disable deprecation, use _CRT_SECURE_NO_WARNINGS. See online help for details.
  C:\Program Files (x86)\Windows Kits\10\Include\10.0.10240.0\ucrt\string.h(90): note: see declaration of 'strcat'
CleanDesktop.cxx(131): warning C4018: '<': signed/unsigned mismatch
  Clipboard.cxx
C:\_dev\Unity-VNC-Client\vnc-4_1_3-winsrc\common\rdr/Exception.h(33): warning C4996: 'strncat': This function or variable may be unsafe. Consider using strncat_s instead. To disable deprecation, use _CRT_SECURE_NO_WARNINGS. See online help for details.
  C:\Program Files (x86)\Windows Kits\10\Include\10.0.10240.0\ucrt\string.h(255): note: see declaration of 'strncat'
C:\_dev\Unity-VNC-Client\vnc-4_1_3-winsrc\common\rdr/Exception.h(35): warning C4996: 'strcat': This function or variable may be unsafe. Consider using strcat_s instead. To disable deprecation, use _CRT_SECURE_NO_WARNINGS. See online help for details.
  C:\Program Files (x86)\Windows Kits\10\Include\10.0.10240.0\ucrt\string.h(90): note: see declaration of 'strcat'
  CPointer.cxx
C:\_dev\Unity-VNC-Client\vnc-4_1_3-winsrc\common\rdr/Exception.h(33): warning C4996: 'strncat': This function or variable may be unsafe. Consider using strncat_s instead. To disable deprecation, use _CRT_SECURE_NO_WARNINGS. See online help for details.
  C:\Program Files (x86)\Windows Kits\10\Include\10.0.10240.0\ucrt\string.h(255): note: see declaration of 'strncat'
C:\_dev\Unity-VNC-Client\vnc-4_1_3-winsrc\common\rdr/Exception.h(35): warning C4996: 'strcat': This function or variable may be unsafe. Consider using strcat_s instead. To disable deprecation, use _CRT_SECURE_NO_WARNINGS. See online help for details.
  C:\Program Files (x86)\Windows Kits\10\Include\10.0.10240.0\ucrt\string.h(90): note: see declaration of 'strcat'
  CurrentUser.cxx
C:\_dev\Unity-VNC-Client\vnc-4_1_3-winsrc\common\rdr/Exception.h(33): warning C4996: 'strncat': This function or variable may be unsafe. Consider using strncat_s instead. To disable deprecation, use _CRT_SECURE_NO_WARNINGS. See online help for details.
  C:\Program Files (x86)\Windows Kits\10\Include\10.0.10240.0\ucrt\string.h(255): note: see declaration of 'strncat'
C:\_dev\Unity-VNC-Client\vnc-4_1_3-winsrc\common\rdr/Exception.h(35): warning C4996: 'strcat': This function or variable may be unsafe. Consider using strcat_s instead. To disable deprecation, use _CRT_SECURE_NO_WARNINGS. See online help for details.
  C:\Program Files (x86)\Windows Kits\10\Include\10.0.10240.0\ucrt\string.h(90): note: see declaration of 'strcat'
  DeviceContext.cxx
C:\_dev\Unity-VNC-Client\vnc-4_1_3-winsrc\common\rdr/Exception.h(33): warning C4996: 'strncat': This function or variable may be unsafe. Consider using strncat_s instead. To disable deprecation, use _CRT_SECURE_NO_WARNINGS. See online help for details.
  C:\Program Files (x86)\Windows Kits\10\Include\10.0.10240.0\ucrt\string.h(255): note: see declaration of 'strncat'
C:\_dev\Unity-VNC-Client\vnc-4_1_3-winsrc\common\rdr/Exception.h(35): warning C4996: 'strcat': This function or variable may be unsafe. Consider using strcat_s instead. To disable deprecation, use _CRT_SECURE_NO_WARNINGS. See online help for details.
  C:\Program Files (x86)\Windows Kits\10\Include\10.0.10240.0\ucrt\string.h(90): note: see declaration of 'strcat'
  DeviceFrameBuffer.cxx
C:\_dev\Unity-VNC-Client\vnc-4_1_3-winsrc\common\rdr/Exception.h(33): warning C4996: 'strncat': This function or variable may be unsafe. Consider using strncat_s instead. To disable deprecation, use _CRT_SECURE_NO_WARNINGS. See online help for details.
  C:\Program Files (x86)\Windows Kits\10\Include\10.0.10240.0\ucrt\string.h(255): note: see declaration of 'strncat'
C:\_dev\Unity-VNC-Client\vnc-4_1_3-winsrc\common\rdr/Exception.h(35): warning C4996: 'strcat': This function or variable may be unsafe. Consider using strcat_s instead. To disable deprecation, use _CRT_SECURE_NO_WARNINGS. See online help for details.
  C:\Program Files (x86)\Windows Kits\10\Include\10.0.10240.0\ucrt\string.h(90): note: see declaration of 'strcat'
  Dialog.cxx
C:\_dev\Unity-VNC-Client\vnc-4_1_3-winsrc\common\rdr/Exception.h(33): warning C4996: 'strncat': This function or variable may be unsafe. Consider using strncat_s instead. To disable deprecation, use _CRT_SECURE_NO_WARNINGS. See online help for details.
  C:\Program Files (x86)\Windows Kits\10\Include\10.0.10240.0\ucrt\string.h(255): note: see declaration of 'strncat'
C:\_dev\Unity-VNC-Client\vnc-4_1_3-winsrc\common\rdr/Exception.h(35): warning C4996: 'strcat': This function or variable may be unsafe. Consider using strcat_s instead. To disable deprecation, use _CRT_SECURE_NO_WARNINGS. See online help for details.
  C:\Program Files (x86)\Windows Kits\10\Include\10.0.10240.0\ucrt\string.h(90): note: see declaration of 'strcat'
  DIBSectionBuffer.cxx
C:\_dev\Unity-VNC-Client\vnc-4_1_3-winsrc\common\rdr/Exception.h(33): warning C4996: 'strncat': This function or variable may be unsafe. Consider using strncat_s instead. To disable deprecation, use _CRT_SECURE_NO_WARNINGS. See online help for details.
  C:\Program Files (x86)\Windows Kits\10\Include\10.0.10240.0\ucrt\string.h(255): note: see declaration of 'strncat'
C:\_dev\Unity-VNC-Client\vnc-4_1_3-winsrc\common\rdr/Exception.h(35): warning C4996: 'strcat': This function or variable may be unsafe. Consider using strcat_s instead. To disable deprecation, use _CRT_SECURE_NO_WARNINGS. See online help for details.
  C:\Program Files (x86)\Windows Kits\10\Include\10.0.10240.0\ucrt\string.h(90): note: see declaration of 'strcat'
  DynamicFn.cxx
  EventManager.cxx
C:\_dev\Unity-VNC-Client\vnc-4_1_3-winsrc\common\rdr/Exception.h(33): warning C4996: 'strncat': This function or variable may be unsafe. Consider using strncat_s instead. To disable deprecation, use _CRT_SECURE_NO_WARNINGS. See online help for details.
  C:\Program Files (x86)\Windows Kits\10\Include\10.0.10240.0\ucrt\string.h(255): note: see declaration of 'strncat'
C:\_dev\Unity-VNC-Client\vnc-4_1_3-winsrc\common\rdr/Exception.h(35): warning C4996: 'strcat': This function or variable may be unsafe. Consider using strcat_s instead. To disable deprecation, use _CRT_SECURE_NO_WARNINGS. See online help for details.
  C:\Program Files (x86)\Windows Kits\10\Include\10.0.10240.0\ucrt\string.h(90): note: see declaration of 'strcat'
  LaunchProcess.cxx
C:\_dev\Unity-VNC-Client\vnc-4_1_3-winsrc\common\rdr/Exception.h(33): warning C4996: 'strncat': This function or variable may be unsafe. Consider using strncat_s instead. To disable deprecation, use _CRT_SECURE_NO_WARNINGS. See online help for details.
  C:\Program Files (x86)\Windows Kits\10\Include\10.0.10240.0\ucrt\string.h(255): note: see declaration of 'strncat'
C:\_dev\Unity-VNC-Client\vnc-4_1_3-winsrc\common\rdr/Exception.h(35): warning C4996: 'strcat': This function or variable may be unsafe. Consider using strcat_s instead. To disable deprecation, use _CRT_SECURE_NO_WARNINGS. See online help for details.
  C:\Program Files (x86)\Windows Kits\10\Include\10.0.10240.0\ucrt\string.h(90): note: see declaration of 'strcat'
LaunchProcess.cxx(58): warning C4996: 'sprintf': This function or variable may be unsafe. Consider using sprintf_s instead. To disable deprecation, use _CRT_SECURE_NO_WARNINGS. See online help for details.
  C:\Program Files (x86)\Windows Kits\10\Include\10.0.10240.0\ucrt\stdio.h(1769): note: see declaration of 'sprintf'
LaunchProcess.cxx(68): warning C4996: 'sprintf': This function or variable may be unsafe. Consider using sprintf_s instead. To disable deprecation, use _CRT_SECURE_NO_WARNINGS. See online help for details.
  C:\Program Files (x86)\Windows Kits\10\Include\10.0.10240.0\ucrt\stdio.h(1769): note: see declaration of 'sprintf'
  LowLevelKeyEvents.cxx
C:\_dev\Unity-VNC-Client\vnc-4_1_3-winsrc\common\rdr/Exception.h(33): warning C4996: 'strncat': This function or variable may be unsafe. Consider using strncat_s instead. To disable deprecation, use _CRT_SECURE_NO_WARNINGS. See online help for details.
  C:\Program Files (x86)\Windows Kits\10\Include\10.0.10240.0\ucrt\string.h(255): note: see declaration of 'strncat'
C:\_dev\Unity-VNC-Client\vnc-4_1_3-winsrc\common\rdr/Exception.h(35): warning C4996: 'strcat': This function or variable may be unsafe. Consider using strcat_s instead. To disable deprecation, use _CRT_SECURE_NO_WARNINGS. See online help for details.
  C:\Program Files (x86)\Windows Kits\10\Include\10.0.10240.0\ucrt\string.h(90): note: see declaration of 'strcat'
  MonitorInfo.cxx
C:\_dev\Unity-VNC-Client\vnc-4_1_3-winsrc\common\rdr/Exception.h(33): warning C4996: 'strncat': This function or variable may be unsafe. Consider using strncat_s instead. To disable deprecation, use _CRT_SECURE_NO_WARNINGS. See online help for details.
  C:\Program Files (x86)\Windows Kits\10\Include\10.0.10240.0\ucrt\string.h(255): note: see declaration of 'strncat'
C:\_dev\Unity-VNC-Client\vnc-4_1_3-winsrc\common\rdr/Exception.h(35): warning C4996: 'strcat': This function or variable may be unsafe. Consider using strcat_s instead. To disable deprecation, use _CRT_SECURE_NO_WARNINGS. See online help for details.
  C:\Program Files (x86)\Windows Kits\10\Include\10.0.10240.0\ucrt\string.h(90): note: see declaration of 'strcat'
MonitorInfo.cxx(129): warning C4996: 'stricmp': The POSIX name for this item is deprecated. Instead, use the ISO C and C++ conformant name: _stricmp. See online help for details.
  C:\Program Files (x86)\Windows Kits\10\Include\10.0.10240.0\ucrt\string.h(568): note: see declaration of 'stricmp'
MonitorInfo.cxx(148): warning C4996: 'stricmp': The POSIX name for this item is deprecated. Instead, use the ISO C and C++ conformant name: _stricmp. See online help for details.
  C:\Program Files (x86)\Windows Kits\10\Include\10.0.10240.0\ucrt\string.h(568): note: see declaration of 'stricmp'
  MsgWindow.cxx
C:\_dev\Unity-VNC-Client\vnc-4_1_3-winsrc\common\rdr/Exception.h(33): warning C4996: 'strncat': This function or variable may be unsafe. Consider using strncat_s instead. To disable deprecation, use _CRT_SECURE_NO_WARNINGS. See online help for details.
  C:\Program Files (x86)\Windows Kits\10\Include\10.0.10240.0\ucrt\string.h(255): note: see declaration of 'strncat'
C:\_dev\Unity-VNC-Client\vnc-4_1_3-winsrc\common\rdr/Exception.h(35): warning C4996: 'strcat': This function or variable may be unsafe. Consider using strcat_s instead. To disable deprecation, use _CRT_SECURE_NO_WARNINGS. See online help for details.
  C:\Program Files (x86)\Windows Kits\10\Include\10.0.10240.0\ucrt\string.h(90): note: see declaration of 'strcat'
  OSVersion.cxx
C:\_dev\Unity-VNC-Client\vnc-4_1_3-winsrc\common\rdr/Exception.h(33): warning C4996: 'strncat': This function or variable may be unsafe. Consider using strncat_s instead. To disable deprecation, use _CRT_SECURE_NO_WARNINGS. See online help for details.
  C:\Program Files (x86)\Windows Kits\10\Include\10.0.10240.0\ucrt\string.h(255): note: see declaration of 'strncat'
C:\_dev\Unity-VNC-Client\vnc-4_1_3-winsrc\common\rdr/Exception.h(35): warning C4996: 'strcat': This function or variable may be unsafe. Consider using strcat_s instead. To disable deprecation, use _CRT_SECURE_NO_WARNINGS. See online help for details.
  C:\Program Files (x86)\Windows Kits\10\Include\10.0.10240.0\ucrt\string.h(90): note: see declaration of 'strcat'
OSVersion.cxx(33): warning C4996: 'GetVersionExA': was declared deprecated
  C:\Program Files (x86)\Windows Kits\8.1\Include\um\sysinfoapi.h(433): note: see declaration of 'GetVersionExA'
  RegConfig.cxx
C:\_dev\Unity-VNC-Client\vnc-4_1_3-winsrc\common\rdr/Exception.h(33): warning C4996: 'strncat': This function or variable may be unsafe. Consider using strncat_s instead. To disable deprecation, use _CRT_SECURE_NO_WARNINGS. See online help for details.
  C:\Program Files (x86)\Windows Kits\10\Include\10.0.10240.0\ucrt\string.h(255): note: see declaration of 'strncat'
C:\_dev\Unity-VNC-Client\vnc-4_1_3-winsrc\common\rdr/Exception.h(35): warning C4996: 'strcat': This function or variable may be unsafe. Consider using strcat_s instead. To disable deprecation, use _CRT_SECURE_NO_WARNINGS. See online help for details.
  C:\Program Files (x86)\Windows Kits\10\Include\10.0.10240.0\ucrt\string.h(90): note: see declaration of 'strcat'
  Registry.cxx
C:\_dev\Unity-VNC-Client\vnc-4_1_3-winsrc\common\rdr/Exception.h(33): warning C4996: 'strncat': This function or variable may be unsafe. Consider using strncat_s instead. To disable deprecation, use _CRT_SECURE_NO_WARNINGS. See online help for details.
  C:\Program Files (x86)\Windows Kits\10\Include\10.0.10240.0\ucrt\string.h(255): note: see declaration of 'strncat'
C:\_dev\Unity-VNC-Client\vnc-4_1_3-winsrc\common\rdr/Exception.h(35): warning C4996: 'strcat': This function or variable may be unsafe. Consider using strcat_s instead. To disable deprecation, use _CRT_SECURE_NO_WARNINGS. See online help for details.
  C:\Program Files (x86)\Windows Kits\10\Include\10.0.10240.0\ucrt\string.h(90): note: see declaration of 'strcat'
Registry.cxx(249): warning C4996: 'sprintf': This function or variable may be unsafe. Consider using sprintf_s instead. To disable deprecation, use _CRT_SECURE_NO_WARNINGS. See online help for details.
  C:\Program Files (x86)\Windows Kits\10\Include\10.0.10240.0\ucrt\stdio.h(1769): note: see declaration of 'sprintf'
  SDisplay.cxx
C:\_dev\Unity-VNC-Client\vnc-4_1_3-winsrc\common\rdr/Exception.h(33): warning C4996: 'strncat': This function or variable may be unsafe. Consider using strncat_s instead. To disable deprecation, use _CRT_SECURE_NO_WARNINGS. See online help for details.
  C:\Program Files (x86)\Windows Kits\10\Include\10.0.10240.0\ucrt\string.h(255): note: see declaration of 'strncat'
C:\_dev\Unity-VNC-Client\vnc-4_1_3-winsrc\common\rdr/Exception.h(35): warning C4996: 'strcat': This function or variable may be unsafe. Consider using strcat_s instead. To disable deprecation, use _CRT_SECURE_NO_WARNINGS. See online help for details.
  C:\Program Files (x86)\Windows Kits\10\Include\10.0.10240.0\ucrt\string.h(90): note: see declaration of 'strcat'
SDisplay.cxx(122): warning C4996: 'stricmp': The POSIX name for this item is deprecated. Instead, use the ISO C and C++ conformant name: _stricmp. See online help for details.
  C:\Program Files (x86)\Windows Kits\10\Include\10.0.10240.0\ucrt\string.h(568): note: see declaration of 'stricmp'
SDisplay.cxx(127): warning C4996: 'stricmp': The POSIX name for this item is deprecated. Instead, use the ISO C and C++ conformant name: _stricmp. See online help for details.
  C:\Program Files (x86)\Windows Kits\10\Include\10.0.10240.0\ucrt\string.h(568): note: see declaration of 'stricmp'
  Generating Code...
  Compiling...
  SDisplayCorePolling.cxx
C:\_dev\Unity-VNC-Client\vnc-4_1_3-winsrc\common\rdr/Exception.h(33): warning C4996: 'strncat': This function or variable may be unsafe. Consider using strncat_s instead. To disable deprecation, use _CRT_SECURE_NO_WARNINGS. See online help for details.
  C:\Program Files (x86)\Windows Kits\10\Include\10.0.10240.0\ucrt\string.h(255): note: see declaration of 'strncat'
C:\_dev\Unity-VNC-Client\vnc-4_1_3-winsrc\common\rdr/Exception.h(35): warning C4996: 'strcat': This function or variable may be unsafe. Consider using strcat_s instead. To disable deprecation, use _CRT_SECURE_NO_WARNINGS. See online help for details.
  C:\Program Files (x86)\Windows Kits\10\Include\10.0.10240.0\ucrt\string.h(90): note: see declaration of 'strcat'
  SDisplayCoreWMHooks.cxx
C:\_dev\Unity-VNC-Client\vnc-4_1_3-winsrc\common\rdr/Exception.h(33): warning C4996: 'strncat': This function or variable may be unsafe. Consider using strncat_s instead. To disable deprecation, use _CRT_SECURE_NO_WARNINGS. See online help for details.
  C:\Program Files (x86)\Windows Kits\10\Include\10.0.10240.0\ucrt\string.h(255): note: see declaration of 'strncat'
C:\_dev\Unity-VNC-Client\vnc-4_1_3-winsrc\common\rdr/Exception.h(35): warning C4996: 'strcat': This function or variable may be unsafe. Consider using strcat_s instead. To disable deprecation, use _CRT_SECURE_NO_WARNINGS. See online help for details.
  C:\Program Files (x86)\Windows Kits\10\Include\10.0.10240.0\ucrt\string.h(90): note: see declaration of 'strcat'
  Security.cxx
C:\_dev\Unity-VNC-Client\vnc-4_1_3-winsrc\common\rdr/Exception.h(33): warning C4996: 'strncat': This function or variable may be unsafe. Consider using strncat_s instead. To disable deprecation, use _CRT_SECURE_NO_WARNINGS. See online help for details.
  C:\Program Files (x86)\Windows Kits\10\Include\10.0.10240.0\ucrt\string.h(255): note: see declaration of 'strncat'
C:\_dev\Unity-VNC-Client\vnc-4_1_3-winsrc\common\rdr/Exception.h(35): warning C4996: 'strcat': This function or variable may be unsafe. Consider using strcat_s instead. To disable deprecation, use _CRT_SECURE_NO_WARNINGS. See online help for details.
  C:\Program Files (x86)\Windows Kits\10\Include\10.0.10240.0\ucrt\string.h(90): note: see declaration of 'strcat'
  Service.cxx
C:\_dev\Unity-VNC-Client\vnc-4_1_3-winsrc\common\rdr/Exception.h(33): warning C4996: 'strncat': This function or variable may be unsafe. Consider using strncat_s instead. To disable deprecation, use _CRT_SECURE_NO_WARNINGS. See online help for details.
  C:\Program Files (x86)\Windows Kits\10\Include\10.0.10240.0\ucrt\string.h(255): note: see declaration of 'strncat'
C:\_dev\Unity-VNC-Client\vnc-4_1_3-winsrc\common\rdr/Exception.h(35): warning C4996: 'strcat': This function or variable may be unsafe. Consider using strcat_s instead. To disable deprecation, use _CRT_SECURE_NO_WARNINGS. See online help for details.
  C:\Program Files (x86)\Windows Kits\10\Include\10.0.10240.0\ucrt\string.h(90): note: see declaration of 'strcat'
Service.cxx(142): warning C4996: 'strcpy': This function or variable may be unsafe. Consider using strcpy_s instead. To disable deprecation, use _CRT_SECURE_NO_WARNINGS. See online help for details.
  C:\Program Files (x86)\Windows Kits\10\Include\10.0.10240.0\ucrt\string.h(119): note: see declaration of 'strcpy'
Service.cxx(143): warning C4996: 'strcat': This function or variable may be unsafe. Consider using strcat_s instead. To disable deprecation, use _CRT_SECURE_NO_WARNINGS. See online help for details.
  C:\Program Files (x86)\Windows Kits\10\Include\10.0.10240.0\ucrt\string.h(90): note: see declaration of 'strcat'
Service.cxx(408): warning C4996: 'sprintf': This function or variable may be unsafe. Consider using sprintf_s instead. To disable deprecation, use _CRT_SECURE_NO_WARNINGS. See online help for details.
  C:\Program Files (x86)\Windows Kits\10\Include\10.0.10240.0\ucrt\stdio.h(1769): note: see declaration of 'sprintf'
Service.cxx(410): warning C4996: 'strcat': This function or variable may be unsafe. Consider using strcat_s instead. To disable deprecation, use _CRT_SECURE_NO_WARNINGS. See online help for details.
  C:\Program Files (x86)\Windows Kits\10\Include\10.0.10240.0\ucrt\string.h(90): note: see declaration of 'strcat'
Service.cxx(411): warning C4996: 'strcat': This function or variable may be unsafe. Consider using strcat_s instead. To disable deprecation, use _CRT_SECURE_NO_WARNINGS. See online help for details.
  C:\Program Files (x86)\Windows Kits\10\Include\10.0.10240.0\ucrt\string.h(90): note: see declaration of 'strcat'
Service.cxx(412): warning C4996: 'strcat': This function or variable may be unsafe. Consider using strcat_s instead. To disable deprecation, use _CRT_SECURE_NO_WARNINGS. See online help for details.
  C:\Program Files (x86)\Windows Kits\10\Include\10.0.10240.0\ucrt\string.h(90): note: see declaration of 'strcat'
Service.cxx(448): warning C4996: 'strcpy': This function or variable may be unsafe. Consider using strcpy_s instead. To disable deprecation, use _CRT_SECURE_NO_WARNINGS. See online help for details.
  C:\Program Files (x86)\Windows Kits\10\Include\10.0.10240.0\ucrt\string.h(119): note: see declaration of 'strcpy'
Service.cxx(449): warning C4996: 'strcat': This function or variable may be unsafe. Consider using strcat_s instead. To disable deprecation, use _CRT_SECURE_NO_WARNINGS. See online help for details.
  C:\Program Files (x86)\Windows Kits\10\Include\10.0.10240.0\ucrt\string.h(90): note: see declaration of 'strcat'
Service.cxx(505): warning C4996: 'strcpy': This function or variable may be unsafe. Consider using strcpy_s instead. To disable deprecation, use _CRT_SECURE_NO_WARNINGS. See online help for details.
  C:\Program Files (x86)\Windows Kits\10\Include\10.0.10240.0\ucrt\string.h(119): note: see declaration of 'strcpy'
Service.cxx(506): warning C4996: 'strcat': This function or variable may be unsafe. Consider using strcat_s instead. To disable deprecation, use _CRT_SECURE_NO_WARNINGS. See online help for details.
  C:\Program Files (x86)\Windows Kits\10\Include\10.0.10240.0\ucrt\string.h(90): note: see declaration of 'strcat'
Service.cxx(638): warning C4996: 'sprintf': This function or variable may be unsafe. Consider using sprintf_s instead. To disable deprecation, use _CRT_SECURE_NO_WARNINGS. See online help for details.
  C:\Program Files (x86)\Windows Kits\10\Include\10.0.10240.0\ucrt\stdio.h(1769): note: see declaration of 'sprintf'
  SInput.cxx
C:\_dev\Unity-VNC-Client\vnc-4_1_3-winsrc\common\rdr/Exception.h(33): warning C4996: 'strncat': This function or variable may be unsafe. Consider using strncat_s instead. To disable deprecation, use _CRT_SECURE_NO_WARNINGS. See online help for details.
  C:\Program Files (x86)\Windows Kits\10\Include\10.0.10240.0\ucrt\string.h(255): note: see declaration of 'strncat'
C:\_dev\Unity-VNC-Client\vnc-4_1_3-winsrc\common\rdr/Exception.h(35): warning C4996: 'strcat': This function or variable may be unsafe. Consider using strcat_s instead. To disable deprecation, use _CRT_SECURE_NO_WARNINGS. See online help for details.
  C:\Program Files (x86)\Windows Kits\10\Include\10.0.10240.0\ucrt\string.h(90): note: see declaration of 'strcat'
SInput.cxx(70): warning C4838: conversion from 'int' to 'DWORD' requires a narrowing conversion
SInput.cxx(383): warning C4018: '<': signed/unsigned mismatch
SInput.cxx(409): warning C4018: '<': signed/unsigned mismatch
  SocketManager.cxx
C:\_dev\Unity-VNC-Client\vnc-4_1_3-winsrc\common\rdr/Exception.h(33): warning C4996: 'strncat': This function or variable may be unsafe. Consider using strncat_s instead. To disable deprecation, use _CRT_SECURE_NO_WARNINGS. See online help for details.
  C:\Program Files (x86)\Windows Kits\10\Include\10.0.10240.0\ucrt\string.h(255): note: see declaration of 'strncat'
C:\_dev\Unity-VNC-Client\vnc-4_1_3-winsrc\common\rdr/Exception.h(35): warning C4996: 'strcat': This function or variable may be unsafe. Consider using strcat_s instead. To disable deprecation, use _CRT_SECURE_NO_WARNINGS. See online help for details.
  C:\Program Files (x86)\Windows Kits\10\Include\10.0.10240.0\ucrt\string.h(90): note: see declaration of 'strcat'
  TCharArray.cxx
  Threading.cxx
C:\_dev\Unity-VNC-Client\vnc-4_1_3-winsrc\common\rdr/Exception.h(33): warning C4996: 'strncat': This function or variable may be unsafe. Consider using strncat_s instead. To disable deprecation, use _CRT_SECURE_NO_WARNINGS. See online help for details.
  C:\Program Files (x86)\Windows Kits\10\Include\10.0.10240.0\ucrt\string.h(255): note: see declaration of 'strncat'
C:\_dev\Unity-VNC-Client\vnc-4_1_3-winsrc\common\rdr/Exception.h(35): warning C4996: 'strcat': This function or variable may be unsafe. Consider using strcat_s instead. To disable deprecation, use _CRT_SECURE_NO_WARNINGS. See online help for details.
  C:\Program Files (x86)\Windows Kits\10\Include\10.0.10240.0\ucrt\string.h(90): note: see declaration of 'strcat'
  TsSessions.cxx
C:\_dev\Unity-VNC-Client\vnc-4_1_3-winsrc\common\rdr/Exception.h(33): warning C4996: 'strncat': This function or variable may be unsafe. Consider using strncat_s instead. To disable deprecation, use _CRT_SECURE_NO_WARNINGS. See online help for details.
  C:\Program Files (x86)\Windows Kits\10\Include\10.0.10240.0\ucrt\string.h(255): note: see declaration of 'strncat'
C:\_dev\Unity-VNC-Client\vnc-4_1_3-winsrc\common\rdr/Exception.h(35): warning C4996: 'strcat': This function or variable may be unsafe. Consider using strcat_s instead. To disable deprecation, use _CRT_SECURE_NO_WARNINGS. See online help for details.
  C:\Program Files (x86)\Windows Kits\10\Include\10.0.10240.0\ucrt\string.h(90): note: see declaration of 'strcat'
  Win32Util.cxx
C:\_dev\Unity-VNC-Client\vnc-4_1_3-winsrc\common\rdr/Exception.h(33): warning C4996: 'strncat': This function or variable may be unsafe. Consider using strncat_s instead. To disable deprecation, use _CRT_SECURE_NO_WARNINGS. See online help for details.
  C:\Program Files (x86)\Windows Kits\10\Include\10.0.10240.0\ucrt\string.h(255): note: see declaration of 'strncat'
C:\_dev\Unity-VNC-Client\vnc-4_1_3-winsrc\common\rdr/Exception.h(35): warning C4996: 'strcat': This function or variable may be unsafe. Consider using strcat_s instead. To disable deprecation, use _CRT_SECURE_NO_WARNINGS. See online help for details.
  C:\Program Files (x86)\Windows Kits\10\Include\10.0.10240.0\ucrt\string.h(90): note: see declaration of 'strcat'
Win32Util.cxx(67): warning C4996: 'sprintf': This function or variable may be unsafe. Consider using sprintf_s instead. To disable deprecation, use _CRT_SECURE_NO_WARNINGS. See online help for details.
  C:\Program Files (x86)\Windows Kits\10\Include\10.0.10240.0\ucrt\stdio.h(1769): note: see declaration of 'sprintf'
Win32Util.cxx(73): warning C4477: 'printf' : format string '%s' requires an argument of type 'char *', but variadic argument 1 has type 'rfb::CStr'
  WMCursor.cxx
C:\_dev\Unity-VNC-Client\vnc-4_1_3-winsrc\common\rdr/Exception.h(33): warning C4996: 'strncat': This function or variable may be unsafe. Consider using strncat_s instead. To disable deprecation, use _CRT_SECURE_NO_WARNINGS. See online help for details.
  C:\Program Files (x86)\Windows Kits\10\Include\10.0.10240.0\ucrt\string.h(255): note: see declaration of 'strncat'
C:\_dev\Unity-VNC-Client\vnc-4_1_3-winsrc\common\rdr/Exception.h(35): warning C4996: 'strcat': This function or variable may be unsafe. Consider using strcat_s instead. To disable deprecation, use _CRT_SECURE_NO_WARNINGS. See online help for details.
  C:\Program Files (x86)\Windows Kits\10\Include\10.0.10240.0\ucrt\string.h(90): note: see declaration of 'strcat'
  WMHooks.cxx
C:\_dev\Unity-VNC-Client\vnc-4_1_3-winsrc\common\rdr/Exception.h(33): warning C4996: 'strncat': This function or variable may be unsafe. Consider using strncat_s instead. To disable deprecation, use _CRT_SECURE_NO_WARNINGS. See online help for details.
  C:\Program Files (x86)\Windows Kits\10\Include\10.0.10240.0\ucrt\string.h(255): note: see declaration of 'strncat'
C:\_dev\Unity-VNC-Client\vnc-4_1_3-winsrc\common\rdr/Exception.h(35): warning C4996: 'strcat': This function or variable may be unsafe. Consider using strcat_s instead. To disable deprecation, use _CRT_SECURE_NO_WARNINGS. See online help for details.
  C:\Program Files (x86)\Windows Kits\10\Include\10.0.10240.0\ucrt\string.h(90): note: see declaration of 'strcat'
  WMNotifier.cxx
C:\_dev\Unity-VNC-Client\vnc-4_1_3-winsrc\common\rdr/Exception.h(33): warning C4996: 'strncat': This function or variable may be unsafe. Consider using strncat_s instead. To disable deprecation, use _CRT_SECURE_NO_WARNINGS. See online help for details.
  C:\Program Files (x86)\Windows Kits\10\Include\10.0.10240.0\ucrt\string.h(255): note: see declaration of 'strncat'
C:\_dev\Unity-VNC-Client\vnc-4_1_3-winsrc\common\rdr/Exception.h(35): warning C4996: 'strcat': This function or variable may be unsafe. Consider using strcat_s instead. To disable deprecation, use _CRT_SECURE_NO_WARNINGS. See online help for details.
  C:\Program Files (x86)\Windows Kits\10\Include\10.0.10240.0\ucrt\string.h(90): note: see declaration of 'strcat'
  WMPoller.cxx
C:\_dev\Unity-VNC-Client\vnc-4_1_3-winsrc\common\rdr/Exception.h(33): warning C4996: 'strncat': This function or variable may be unsafe. Consider using strncat_s instead. To disable deprecation, use _CRT_SECURE_NO_WARNINGS. See online help for details.
  C:\Program Files (x86)\Windows Kits\10\Include\10.0.10240.0\ucrt\string.h(255): note: see declaration of 'strncat'
C:\_dev\Unity-VNC-Client\vnc-4_1_3-winsrc\common\rdr/Exception.h(35): warning C4996: 'strcat': This function or variable may be unsafe. Consider using strcat_s instead. To disable deprecation, use _CRT_SECURE_NO_WARNINGS. See online help for details.
  C:\Program Files (x86)\Windows Kits\10\Include\10.0.10240.0\ucrt\string.h(90): note: see declaration of 'strcat'
  WMShatter.cxx
  WMWindowCopyRect.cxx
  Generating Code...
  rfb_win32.vcxproj -> C:\_dev\Unity-VNC-Client\vnc-4_1_3-winsrc\win\rfb_win32\.\..\Debug\rfb_win32.lib
