c:\_dev\unity-vnc-client\pluginsource\build\x64\debug\vc140.pdb
c:\_dev\unity-vnc-client\pluginsource\build\x64\debug\renderapi_openglcorees.obj
c:\_dev\unity-vnc-client\pluginsource\build\x64\debug\renderapi_opengl2.obj
c:\_dev\unity-vnc-client\pluginsource\build\x64\debug\renderapi_d3d9.obj
c:\_dev\unity-vnc-client\pluginsource\build\x64\debug\renderapi_d3d12.obj
c:\_dev\unity-vnc-client\pluginsource\build\x64\debug\renderapi_d3d11.obj
c:\_dev\unity-vnc-client\pluginsource\build\x64\debug\renderapi.obj
c:\_dev\unity-vnc-client\pluginsource\build\x64\debug\realvncplugin.obj
c:\_dev\unity-vnc-client\pluginsource\build\x64\debug\glew.obj
c:\_dev\unity-vnc-client\pluginsource\build\x64\debug\vncclient.obj
c:\_dev\unity-vnc-client\pluginsource\build\x64\debug\texturemodifer.obj
c:\_dev\unity-vnc-client\pluginsource\build\x64\debug\realvncplugin.ilk
c:\_dev\unity-vnc-client\pluginsource\build\x64\debug\realvncplugin.dll
c:\_dev\unity-vnc-client\pluginsource\build\x64\debug\realvncplugin.pdb
c:\_dev\unity-vnc-client\pluginsource\build\x64\debug\realvncplugin.lib
c:\_dev\unity-vnc-client\pluginsource\build\x64\debug\realvncplugin.exp
c:\_dev\unity-vnc-client\pluginsource\projects\visualstudio2015\..\..\build\x64\debug\realvncplugin.pdb
c:\_dev\unity-vnc-client\pluginsource\projects\visualstudio2015\..\..\build\x64\debug\realvncplugin.dll
c:\_dev\unity-vnc-client\pluginsource\projects\visualstudio2015\..\..\build\x64\debug\realvncplugin.ilk
c:\_dev\unity-vnc-client\pluginsource\build\x64\debug\realvncplugin.tlog\cl.command.1.tlog
c:\_dev\unity-vnc-client\pluginsource\build\x64\debug\realvncplugin.tlog\cl.read.1.tlog
c:\_dev\unity-vnc-client\pluginsource\build\x64\debug\realvncplugin.tlog\cl.write.1.tlog
c:\_dev\unity-vnc-client\pluginsource\build\x64\debug\realvncplugin.tlog\link.command.1.tlog
c:\_dev\unity-vnc-client\pluginsource\build\x64\debug\realvncplugin.tlog\link.read.1.tlog
c:\_dev\unity-vnc-client\pluginsource\build\x64\debug\realvncplugin.tlog\link.write.1.tlog
c:\_dev\unity-vnc-client\pluginsource\build\x64\debug\realvncplugin.tlog\realvncplugin.write.1u.tlog
